travis_fold:start:worker_info[0K[33;1mWorker information[0m
hostname: f2772fc3-f8b0-4362-bda9-c0f5d9abb552@1.production-1-worker-org-a-7-gce
version: v3.10.1 https://github.com/travis-ci/worker/tree/2f4923494b1f57289a2d4b68a0861e882a7215ad
instance: travis-job-b020da62-4682-4d3c-ab8a-0cd0c9084602 travis-ci-garnet-trusty-1512502259-986baf0 (via amqp)
startup: 26.516350245s
travis_fold:end:worker_info[0Ktravis_fold:start:system_info[0K[33;1mBuild system information[0m
Build language: generic
Build group: stable
Build dist: trusty
Build id: 406017855
Job id: 406017858
Runtime kernel version: 4.4.0-101-generic
travis-build version: 5aef38fe4
[34m[1mBuild image provisioning date and time[0m
Tue Dec  5 19:58:13 UTC 2017
[34m[1mOperating System Details[0m
Distributor ID:	Ubuntu
Description:	Ubuntu 14.04.5 LTS
Release:	14.04
Codename:	trusty
[34m[1mCookbooks Version[0m
7c2c6a6 https://github.com/travis-ci/travis-cookbooks/tree/7c2c6a6
[34m[1mgit version[0m
git version 2.15.1
[34m[1mbash version[0m
GNU bash, version 4.3.11(1)-release (x86_64-pc-linux-gnu)
[34m[1mgcc version[0m
gcc (Ubuntu 4.8.4-2ubuntu1~14.04.3) 4.8.4
Copyright (C) 2013 Free Software Foundation, Inc.
This is free software; see the source for copying conditions.  There is NO
warranty; not even for MERCHANTABILITY or FITNESS FOR A PARTICULAR PURPOSE.

[34m[1mdocker version[0m
Client:
 Version:      17.09.0-ce
 API version:  1.32
 Go version:   go1.8.3
 Git commit:   afdb6d4
 Built:        Tue Sep 26 22:42:38 2017
 OS/Arch:      linux/amd64

Server:
 Version:      17.09.0-ce
 API version:  1.32 (minimum version 1.12)
 Go version:   go1.8.3
 Git commit:   afdb6d4
 Built:        Tue Sep 26 22:41:20 2017
 OS/Arch:      linux/amd64
 Experimental: false
[34m[1mclang version[0m
clang version 5.0.0 (tags/RELEASE_500/final)
Target: x86_64-unknown-linux-gnu
Thread model: posix
InstalledDir: /usr/local/clang-5.0.0/bin
[34m[1mjq version[0m
jq-1.5
[34m[1mbats version[0m
Bats 0.4.0
[34m[1mshellcheck version[0m
0.4.6
[34m[1mshfmt version[0m
v2.0.0
[34m[1mccache version[0m
ccache version 3.1.9

Copyright (C) 2002-2007 Andrew Tridgell
Copyright (C) 2009-2011 Joel Rosdahl

This program is free software; you can redistribute it and/or modify it under
the terms of the GNU General Public License as published by the Free Software
Foundation; either version 3 of the License, or (at your option) any later
version.
[34m[1mcmake version[0m
cmake version 3.9.2

CMake suite maintained and supported by Kitware (kitware.com/cmake).
[34m[1mheroku version[0m
heroku-cli/6.14.39-addc925 (linux-x64) node-v9.2.0
[34m[1mimagemagick version[0m
Version: ImageMagick 6.7.7-10 2017-07-31 Q16 http://www.imagemagick.org
[34m[1mmd5deep version[0m
4.2
[34m[1mmercurial version[0m
Mercurial Distributed SCM (version 4.2.2)
(see https://mercurial-scm.org for more information)

Copyright (C) 2005-2017 Matt Mackall and others
This is free software; see the source for copying conditions. There is NO
warranty; not even for MERCHANTABILITY or FITNESS FOR A PARTICULAR PURPOSE.
[34m[1mmysql version[0m
mysql  Ver 14.14 Distrib 5.6.33, for debian-linux-gnu (x86_64) using  EditLine wrapper
[34m[1mopenssl version[0m
OpenSSL 1.0.1f 6 Jan 2014
[34m[1mpacker version[0m
Packer v1.0.2

Your version of Packer is out of date! The latest version
is 1.1.2. You can update by downloading from www.packer.io
[34m[1mpostgresql client version[0m
psql (PostgreSQL) 9.6.6
[34m[1mragel version[0m
Ragel State Machine Compiler version 6.8 Feb 2013
Copyright (c) 2001-2009 by Adrian Thurston
[34m[1msubversion version[0m
svn, version 1.8.8 (r1568071)
   compiled Aug 10 2017, 17:20:39 on x86_64-pc-linux-gnu

Copyright (C) 2013 The Apache Software Foundation.
This software consists of contributions made by many people;
see the NOTICE file for more information.
Subversion is open source software, see http://subversion.apache.org/

The following repository access (RA) modules are available:

* ra_svn : Module for accessing a repository using the svn network protocol.
  - with Cyrus SASL authentication
  - handles 'svn' scheme
* ra_local : Module for accessing a repository on local disk.
  - handles 'file' scheme
* ra_serf : Module for accessing a repository via WebDAV protocol using serf.
  - using serf 1.3.3
  - handles 'http' scheme
  - handles 'https' scheme

[34m[1msudo version[0m
Sudo version 1.8.9p5
Configure options: --prefix=/usr -v --with-all-insults --with-pam --with-fqdn --with-logging=syslog --with-logfac=authpriv --with-env-editor --with-editor=/usr/bin/editor --with-timeout=15 --with-password-timeout=0 --with-passprompt=[sudo] password for %p:  --without-lecture --with-tty-tickets --disable-root-mailer --enable-admin-flag --with-sendmail=/usr/sbin/sendmail --with-timedir=/var/lib/sudo --mandir=/usr/share/man --libexecdir=/usr/lib/sudo --with-sssd --with-sssd-lib=/usr/lib/x86_64-linux-gnu --with-selinux
Sudoers policy plugin version 1.8.9p5
Sudoers file grammar version 43

Sudoers path: /etc/sudoers
Authentication methods: 'pam'
Syslog facility if syslog is being used for logging: authpriv
Syslog priority to use when user authenticates successfully: notice
Syslog priority to use when user authenticates unsuccessfully: alert
Send mail if the user is not in sudoers
Use a separate timestamp for each user/tty combo
Lecture user the first time they run sudo
Root may run sudo
Allow some information gathering to give useful error messages
Require fully-qualified hostnames in the sudoers file
Visudo will honor the EDITOR environment variable
Set the LOGNAME and USER environment variables
Length at which to wrap log file lines (0 for no wrap): 80
Authentication timestamp timeout: 15.0 minutes
Password prompt timeout: 0.0 minutes
Number of tries to enter a password: 3
Umask to use or 0777 to use user's: 022
Path to mail program: /usr/sbin/sendmail
Flags for mail program: -t
Address to send mail to: root
Subject line for mail messages: *** SECURITY information for %h ***
Incorrect password message: Sorry, try again.
Path to authentication timestamp dir: /var/lib/sudo
Default password prompt: [sudo] password for %p: 
Default user to run commands as: root
Value to override user's $PATH with: /usr/local/sbin:/usr/local/bin:/usr/sbin:/usr/bin:/sbin:/bin:/snap/bin
Path to the editor for use by visudo: /usr/bin/editor
When to require a password for 'list' pseudocommand: any
When to require a password for 'verify' pseudocommand: all
File descriptors >= 3 will be closed before executing a command
Environment variables to check for sanity:
	TZ
	TERM
	LINGUAS
	LC_*
	LANGUAGE
	LANG
	COLORTERM
Environment variables to remove:
	RUBYOPT
	RUBYLIB
	PYTHONUSERBASE
	PYTHONINSPECT
	PYTHONPATH
	PYTHONHOME
	TMPPREFIX
	ZDOTDIR
	READNULLCMD
	NULLCMD
	FPATH
	PERL5DB
	PERL5OPT
	PERL5LIB
	PERLLIB
	PERLIO_DEBUG 
	JAVA_TOOL_OPTIONS
	SHELLOPTS
	GLOBIGNORE
	PS4
	BASH_ENV
	ENV
	TERMCAP
	TERMPATH
	TERMINFO_DIRS
	TERMINFO
	_RLD*
	LD_*
	PATH_LOCALE
	NLSPATH
	HOSTALIASES
	RES_OPTIONS
	LOCALDOMAIN
	CDPATH
	IFS
Environment variables to preserve:
	JAVA_HOME
	TRAVIS
	CI
	DEBIAN_FRONTEND
	XAUTHORIZATION
	XAUTHORITY
	PS2
	PS1
	PATH
	LS_COLORS
	KRB5CCNAME
	HOSTNAME
	HOME
	DISPLAY
	COLORS
Locale to use while parsing sudoers: C
Directory in which to store input/output logs: /var/log/sudo-io
File in which to store the input/output log: %{seq}
Add an entry to the utmp/utmpx file when allocating a pty
PAM service name to use
PAM service name to use for login shells
Create a new PAM session for the command to run in
Maximum I/O log sequence number: 0

Local IP address and netmask pairs:
	10.240.0.28/255.255.255.255
	172.17.0.1/255.255.0.0

Sudoers I/O plugin version 1.8.9p5
[34m[1mgzip version[0m
gzip 1.6
Copyright (C) 2007, 2010, 2011 Free Software Foundation, Inc.
Copyright (C) 1993 Jean-loup Gailly.
This is free software.  You may redistribute copies of it under the terms of
the GNU General Public License <http://www.gnu.org/licenses/gpl.html>.
There is NO WARRANTY, to the extent permitted by law.

Written by Jean-loup Gailly.
[34m[1mzip version[0m
Copyright (c) 1990-2008 Info-ZIP - Type 'zip "-L"' for software license.
This is Zip 3.0 (July 5th 2008), by Info-ZIP.
Currently maintained by E. Gordon.  Please send bug reports to
the authors using the web page at www.info-zip.org; see README for details.

Latest sources and executables are at ftp://ftp.info-zip.org/pub/infozip,
as of above date; see http://www.info-zip.org/ for other sites.

Compiled with gcc 4.8.2 for Unix (Linux ELF) on Oct 21 2013.

Zip special compilation options:
	USE_EF_UT_TIME       (store Universal Time)
	BZIP2_SUPPORT        (bzip2 library version 1.0.6, 6-Sept-2010)
	    bzip2 code and library copyright (c) Julian R Seward
	    (See the bzip2 license for terms of use)
	SYMLINK_SUPPORT      (symbolic links supported)
	LARGE_FILE_SUPPORT   (can read and write large files on file system)
	ZIP64_SUPPORT        (use Zip64 to store large files in archives)
	UNICODE_SUPPORT      (store and read UTF-8 Unicode paths)
	STORE_UNIX_UIDs_GIDs (store UID/GID sizes/values using new extra field)
	UIDGID_NOT_16BIT     (old Unix 16-bit UID/GID extra field not used)
	[encryption, version 2.91 of 05 Jan 2007] (modified for Zip 3)

Encryption notice:
	The encryption code of this program is not copyrighted and is
	put in the public domain.  It was originally written in Europe
	and, to the best of our knowledge, can be freely distributed
	in both source and object forms from any country, including
	the USA under License Exception TSU of the U.S. Export
	Administration Regulations (section 740.13(e)) of 6 June 2002.

Zip environment options:
             ZIP:  [none]
          ZIPOPT:  [none]
[34m[1mvim version[0m
VIM - Vi IMproved 7.4 (2013 Aug 10, compiled Nov 24 2016 16:43:18)
Included patches: 1-52
Extra patches: 8.0.0056
Modified by pkg-vim-maintainers@lists.alioth.debian.org
Compiled by buildd@
Huge version without GUI.  Features included (+) or not (-):
+acl             +farsi           +mouse_netterm   +syntax
+arabic          +file_in_path    +mouse_sgr       +tag_binary
+autocmd         +find_in_path    -mouse_sysmouse  +tag_old_static
-balloon_eval    +float           +mouse_urxvt     -tag_any_white
-browse          +folding         +mouse_xterm     -tcl
++builtin_terms  -footer          +multi_byte      +terminfo
+byte_offset     +fork()          +multi_lang      +termresponse
+cindent         +gettext         -mzscheme        +textobjects
-clientserver    -hangul_input    +netbeans_intg   +title
-clipboard       +iconv           +path_extra      -toolbar
+cmdline_compl   +insert_expand   -perl            +user_commands
+cmdline_hist    +jumplist        +persistent_undo +vertsplit
+cmdline_info    +keymap          +postscript      +virtualedit
+comments        +langmap         +printer         +visual
+conceal         +libcall         +profile         +visualextra
+cryptv          +linebreak       +python          +viminfo
+cscope          +lispindent      -python3         +vreplace
+cursorbind      +listcmds        +quickfix        +wildignore
+cursorshape     +localmap        +reltime         +wildmenu
+dialog_con      -lua             +rightleft       +windows
+diff            +menu            -ruby            +writebackup
+digraphs        +mksession       +scrollbind      -X11
-dnd             +modify_fname    +signs           -xfontset
-ebcdic          +mouse           +smartindent     -xim
+emacs_tags      -mouseshape      -sniff           -xsmp
+eval            +mouse_dec       +startuptime     -xterm_clipboard
+ex_extra        +mouse_gpm       +statusline      -xterm_save
+extra_search    -mouse_jsbterm   -sun_workshop    -xpm
   system vimrc file: "$VIM/vimrc"
     user vimrc file: "$HOME/.vimrc"
 2nd user vimrc file: "~/.vim/vimrc"
      user exrc file: "$HOME/.exrc"
  fall-back for $VIM: "/usr/share/vim"
Compilation: gcc -c -I. -Iproto -DHAVE_CONFIG_H     -g -O2 -fstack-protector --param=ssp-buffer-size=4 -Wformat -Werror=format-security -U_FORTIFY_SOURCE -D_FORTIFY_SOURCE=1      
Linking: gcc   -Wl,-Bsymbolic-functions -Wl,-z,relro -Wl,--as-needed -o vim        -lm -ltinfo -lnsl  -lselinux  -lacl -lattr -lgpm -ldl    -L/usr/lib/python2.7/config-x86_64-linux-gnu -lpython2.7 -lpthread -ldl -lutil -lm -Xlinker -export-dynamic -Wl,-O1 -Wl,-Bsymbolic-functions      
[34m[1miptables version[0m
iptables v1.4.21
[34m[1mcurl version[0m
curl 7.35.0 (x86_64-pc-linux-gnu) libcurl/7.35.0 OpenSSL/1.0.1f zlib/1.2.8 libidn/1.28 librtmp/2.3
[34m[1mwget version[0m
GNU Wget 1.15 built on linux-gnu.
[34m[1mrsync version[0m
rsync  version 3.1.0  protocol version 31
[34m[1mgimme version[0m
v1.2.0
[34m[1mnvm version[0m
0.33.6
[34m[1mperlbrew version[0m
/home/travis/perl5/perlbrew/bin/perlbrew  - App::perlbrew/0.80
[34m[1mphpenv version[0m
rbenv 1.1.1-25-g6aa70b6
[34m[1mrvm version[0m
rvm 1.29.3 (latest) by Michal Papis, Piotr Kuczynski, Wayne E. Seguin [https://rvm.io]
[34m[1mdefault ruby version[0m
ruby 2.4.1p111 (2017-03-22 revision 58053) [x86_64-linux]
[34m[1mCouchDB version[0m
couchdb 1.6.1
[34m[1mElasticSearch version[0m
5.5.0
[34m[1mInstalled Firefox version[0m
firefox 56.0.2
[34m[1mMongoDB version[0m
MongoDB 3.4.10
[34m[1mPhantomJS version[0m
2.1.1
[34m[1mPre-installed PostgreSQL versions[0m
9.2.24
9.3.20
9.4.15
9.5.10
9.6.6
[34m[1mRabbitMQ Version[0m
3.6.14
[34m[1mRedis version[0m
redis-server 4.0.6
[34m[1mriak version[0m
2.2.3
[34m[1mPre-installed Go versions[0m
1.7.4
[34m[1mant version[0m
Apache Ant(TM) version 1.9.3 compiled on April 8 2014
[34m[1mmvn version[0m
Apache Maven 3.5.2 (138edd61fd100ec658bfa2d307c43b76940a5d7d; 2017-10-18T07:58:13Z)
Maven home: /usr/local/maven-3.5.2
Java version: 1.8.0_151, vendor: Oracle Corporation
Java home: /usr/lib/jvm/java-8-oracle/jre
Default locale: en_US, platform encoding: UTF-8
OS name: "linux", version: "4.4.0-98-generic", arch: "amd64", family: "unix"
[34m[1mgradle version[0m

------------------------------------------------------------
Gradle 4.0.1
------------------------------------------------------------

Build time:   2017-07-07 14:02:41 UTC
Revision:     38e5dc0f772daecca1d2681885d3d85414eb6826

Groovy:       2.4.11
Ant:          Apache Ant(TM) version 1.9.6 compiled on June 29 2015
JVM:          1.8.0_151 (Oracle Corporation 25.151-b12)
OS:           Linux 4.4.0-98-generic amd64

[34m[1mlein version[0m
Leiningen 2.8.1 on Java 1.8.0_151 Java HotSpot(TM) 64-Bit Server VM
[34m[1mPre-installed Node.js versions[0m
v4.8.6
v6.12.0
v6.12.1
v8.9
v8.9.1
[34m[1mphpenv versions[0m
  system
  5.6
* 5.6.32 (set by /home/travis/.phpenv/version)
  7.0
  7.0.25
  7.1
  7.1.11
  hhvm
  hhvm-stable
[34m[1mcomposer --version[0m
Composer version 1.5.2 2017-09-11 16:59:25
[34m[1mPre-installed Ruby versions[0m
ruby-2.2.7
ruby-2.3.4
ruby-2.4.1
travis_fold:end:system_info[0K
[32;1mNetwork availability confirmed.[0m

travis_fold:start:services[0Ktravis_time:start:0d59c63d[0K$ sudo service docker start
start: Job is already running: docker

travis_time:end:0d59c63d:start=1532038555092411868,finish=1532038555109852189,duration=17440321[0Ktravis_fold:end:services[0K
travis_fold:start:git.checkout[0Ktravis_time:start:21d24c04[0K$ git clone --depth=50 --branch=develop https://github.com/syl20bnr/spacemacs.git syl20bnr/spacemacs
Cloning into 'syl20bnr/spacemacs'...

travis_time:end:21d24c04:start=1532038558117759393,finish=1532038559947115816,duration=1829356423[0K$ cd syl20bnr/spacemacs
$ git checkout -qf 4644a2886875f9fdf45427214def38bc99f8bbf3
travis_fold:end:git.checkout[0K
[33;1mSetting environment variables from .travis.yml[0m
$ export BOT_TK=[secure]
$ export BOT_NAME=emacspace
$ export BOT_EMAIL=emacspace@gmail.com
$ export EVM_EMACS=emacs-26.1-travis

$ bash -c 'echo $BASH_VERSION'
4.3.11(1)-release
travis_fold:start:before_script[0Ktravis_time:start:0b3258c1[0K$ docker pull jare/spacedoc:latest
latest: Pulling from jare/spacedoc
6b98dfc16071: Pulling fs layer
4001a1209541: Pulling fs layer
6319fc68c576: Pulling fs layer
b24603670dc3: Pulling fs layer
97f170c87c6f: Pulling fs layer
9c19a9349e4b: Pulling fs layer
9b73d9e6106a: Pulling fs layer
df5cf526d722: Pulling fs layer
f536e55b6a77: Pulling fs layer
6c953d2f2fea: Pulling fs layer
ea72fe683d5d: Pulling fs layer
33c76a0fa6e8: Pulling fs layer
091ca87fb7ba: Pulling fs layer
cb09b762471c: Pulling fs layer
b24603670dc3: Waiting
97f170c87c6f: Waiting
9c19a9349e4b: Waiting
9b73d9e6106a: Waiting
df5cf526d722: Waiting
f536e55b6a77: Waiting
6c953d2f2fea: Waiting
ea72fe683d5d: Waiting
33c76a0fa6e8: Waiting
091ca87fb7ba: Waiting
cb09b762471c: Waiting
4001a1209541: Verifying Checksum
4001a1209541: Download complete
6319fc68c576: Verifying Checksum
6319fc68c576: Download complete
b24603670dc3: Verifying Checksum
b24603670dc3: Download complete
97f170c87c6f: Verifying Checksum
97f170c87c6f: Download complete
9b73d9e6106a: Verifying Checksum
9b73d9e6106a: Download complete
df5cf526d722: Verifying Checksum
df5cf526d722: Download complete
9c19a9349e4b: Verifying Checksum
9c19a9349e4b: Download complete
6c953d2f2fea: Verifying Checksum
6c953d2f2fea: Download complete
ea72fe683d5d: Verifying Checksum
ea72fe683d5d: Download complete
33c76a0fa6e8: Verifying Checksum
33c76a0fa6e8: Download complete
6b98dfc16071: Verifying Checksum
6b98dfc16071: Download complete
091ca87fb7ba: Verifying Checksum
091ca87fb7ba: Download complete
cb09b762471c: Verifying Checksum
cb09b762471c: Download complete
6b98dfc16071: Pull complete
4001a1209541: Pull complete
6319fc68c576: Pull complete
b24603670dc3: Pull complete
97f170c87c6f: Pull complete
f536e55b6a77: Verifying Checksum
f536e55b6a77: Download complete
9c19a9349e4b: Pull complete
9b73d9e6106a: Pull complete
df5cf526d722: Pull complete
f536e55b6a77: Pull complete
6c953d2f2fea: Pull complete
ea72fe683d5d: Pull complete
33c76a0fa6e8: Pull complete
091ca87fb7ba: Pull complete
cb09b762471c: Pull complete
Digest: sha256:e5d60ac6629b4da9d842e2f3c62937a10603a33132f321ffb6d79cb42bb29f91
Status: Downloaded newer image for jare/spacedoc:latest

travis_time:end:0b3258c1:start=1532038560070223825,finish=1532038586417325510,duration=26347101685[0Ktravis_fold:end:before_script[0Ktravis_time:start:18cfb260[0K$ .travisci/test.sh
======================================================================
CHECKING FOR MISPLACED SPACES AND TABS:
======================================================================
Done.
======================================================================
FORMATTING DOCUMENTATION:
======================================================================
Process "worker<1>" says:
Files to be formatted: ("/tmp/docs/layers/+tools/node/README.org" "/tmp/docs/layers/+distributions/spacemacs-base/README.org" "/tmp/docs/layers/+distributions/spacemacs-docker/deps-install/installers/pandoc/README.org" "/tmp/docs/layers/+spacemacs/spacemacs-org/README.org" "/tmp/docs/layers/+distributions/spacemacs-docker/deps-install/installers/spell-checking/README.org" "/tmp/docs/layers/+lang/erlang/README.org" "/tmp/docs/layers/+tools/xclipboard/README.org" "/tmp/docs/layers/+tools/nginx/README.org" "/tmp/docs/layers/+lang/jr/README.org" "/tmp/docs/layers/+misc/nlinum/README.org" "/tmp/docs/layers/+spacemacs/spacemacs-defaults/README.org" "/tmp/docs/layers/+distributions/spacemacs-docker/deps-install/installers/typescript/README.org" "/tmp/docs/layers/+distributions/spacemacs-bootstrap/README.org" "/tmp/docs/layers/+distributions/spacemacs-docker/deps-install/installers/javascript/README.org" "/tmp/docs/layers/+lang/kotlin/README.org" "/tmp/docs/layers/+emacs/smex/README.org" "/tmp/docs/layers/+tools/salt/README.org" "/tmp/docs/layers/+tools/command-log/README.org" "/tmp/docs/layers/+lang/yaml/README.org" "/tmp/docs/layers/+vim/vim-empty-lines/README.org" "/tmp/docs/layers/+fun/selectric/README.org" "/tmp/docs/layers/+os/nixos/README.org" "/tmp/docs/layers/+music/spotify/README.org" "/tmp/docs/layers/+lang/gpu/README.org" "/tmp/docs/layers/+fonts/unicode-fonts/README.org" "/tmp/docs/layers/+lang/lua/README.org" "/tmp/docs/layers/+lang/semantic-web/README.org" "/tmp/docs/layers/+lang/nim/README.org" "/tmp/docs/layers/+tools/pass/README.org" "/tmp/docs/layers/+tools/pandoc/README.org" "/tmp/docs/layers/+lang/autohotkey/README.org" "/tmp/docs/layers/+lang/php/README.org" "/tmp/docs/layers/+spacemacs/spacemacs-modeline/README.org" "/tmp/docs/layers/+distributions/spacemacs-docker/deps-install/installers/dash/README.org" "/tmp/docs/layers/+fun/xkcd/README.org" "/tmp/docs/layers/+lang/graphviz/README.org" "/tmp/docs/layers/+tools/imenu-list/README.org" "/tmp/docs/layers/+emacs/ibuffer/README.org" "/tmp/docs/layers/+lang/coffeescript/README.org" "/tmp/docs/layers/+lang/asciidoc/README.org" "/tmp/docs/layers/+tools/puppet/README.org" "/tmp/docs/layers/+lang/swift/README.org" "/tmp/docs/layers/+tools/sphinx/README.org" "/tmp/docs/layers/+lang/sml/README.org" "/tmp/docs/layers/+tools/debug/README.org" "/tmp/docs/layers/+tools/docker/README.org" "/tmp/docs/layers/+lang/perl5/README.org" "/tmp/docs/layers/+completion/templates/README.org" "/tmp/docs/layers/+web-services/wakatime/README.org" "/tmp/docs/layers/+tools/restclient/README.org" "/tmp/docs/layers/+tools/ansible/README.org" "/tmp/docs/layers/+lang/json/README.org" "/tmp/docs/layers/+tags/cscope/README.org" "/tmp/docs/layers/+lang/hy/README.org" "/tmp/docs/layers/+tools/cmake/README.org" "/tmp/docs/layers/+tools/vagrant/README.org" "/tmp/docs/layers/+chat/jabber/README.org" "/tmp/docs/layers/+readers/dash/README.org" "/tmp/docs/layers/+tools/finance/README.org" "/tmp/docs/layers/+checkers/syntax-checking/README.org" "/tmp/docs/layers/+lang/rust/README.org" "/tmp/docs/layers/+fun/games/README.org" "/tmp/docs/layers/+chat/slack/README.org" "/tmp/docs/layers/+tools/rebox/README.org" "/tmp/docs/layers/+frameworks/emberjs/README.org" "/tmp/docs/layers/+tools/geolocation/README.org" "/tmp/docs/layers/+themes/theming/README.org" "/tmp/docs/layers/+lang/crystal/README.org" "/tmp/docs/layers/+source-control/perforce/README.org" "/tmp/docs/layers/+frameworks/django/README.org" "/tmp/docs/layers/+frameworks/ruby-on-rails/README.org" "/tmp/docs/layers/+lang/coq/README.org" "/tmp/docs/layers/+lang/typescript/README.org" "/tmp/docs/layers/+lang/ocaml/README.org" "/tmp/docs/layers/+lang/sql/README.org" "/tmp/docs/layers/+lang/scala/README.org" "/tmp/docs/layers/+checkers/spell-checking/README.org" "/tmp/docs/layers/+source-control/github/README.org" "/tmp/docs/layers/+frameworks/react/README.org" "/tmp/docs/layers/+lang/agda/README.org" "/tmp/docs/layers/+lang/idris/README.org" "/tmp/docs/COMMUNITY.org" "/tmp/docs/layers/+filetree/neotree/README.org" "/tmp/docs/doc/QUICK_START.org" "/tmp/docs/layers/LAYERS.org" "/tmp/docs/layers/+lang/elm/README.org" "/tmp/docs/layers/+email/notmuch/README.org" "/tmp/docs/layers/+distributions/spacemacs-docker/README.org" "/tmp/docs/layers/+lang/ess/README.org" "/tmp/docs/EXPERIMENTAL.org" "/tmp/docs/layers/+completion/helm/README.org" "/tmp/docs/layers/+filetree/treemacs/README.org" "/tmp/docs/layers/+email/mu4e/README.org" "/tmp/docs/layers/+lang/go/README.org" "/tmp/docs/layers/+completion/auto-completion/README.org" "/tmp/docs/layers/+lang/javascript/README.org" "/tmp/docs/doc/BEGINNERS_TUTORIAL.org" "/tmp/docs/CONTRIBUTING.org" "/tmp/docs/layers/+lang/clojure/README.org" "/tmp/docs/doc/VIMUSERS.org" "/tmp/docs/news/news01.org" "/tmp/docs/doc/FAQ.org" "/tmp/docs/CHANGELOG.org")
Process "worker<1>" says:
Done.
Process "worker<1>" has finished

Process "worker" says:
Files to be formatted: ("/tmp/docs/layers/+spacemacs/spacemacs-misc/README.org" "/tmp/docs/layers/+spacemacs/spacemacs-layouts/README.org" "/tmp/docs/layers/+distributions/spacemacs-docker/deps-install/installers/fasd/README.org" "/tmp/docs/layers/+lang/vimscript/README.org" "/tmp/docs/layers/+spacemacs/spacemacs-editing-visual/README.org" "/tmp/docs/layers/+spacemacs/spacemacs-project/README.org" "/tmp/docs/layers/+spacemacs/spacemacs-navigation/README.org" "/tmp/docs/layers/+distributions/spacemacs/README.org" "/tmp/docs/layers/+distributions/spacemacs-docker/deps-install/installers/gtags/README.org" "/tmp/docs/layers/+themes/themes-megapack/README.org" "/tmp/docs/layers/+spacemacs/spacemacs-visual/README.org" "/tmp/docs/layers/+lang/protobuf/README.org" "/tmp/docs/layers/+spacemacs/spacemacs-completion/README.org" "/tmp/docs/layers/+distributions/spacemacs-docker/deps-install/installers/clojure/README.org" "/tmp/docs/layers/+tools/web-beautify/README.org" "/tmp/docs/layers/+readers/speed-reading/README.org" "/tmp/docs/layers/+distributions/spacemacs-docker/deps-install/installers/go/README.org" "/tmp/docs/layers/+tools/tmux/README.org" "/tmp/docs/layers/+tools/systemd/README.org" "/tmp/docs/layers/+distributions/spacemacs-docker/deps-install/installers/html/README.org" "/tmp/docs/layers/+lang/faust/README.org" "/tmp/docs/layers/+tools/terraform/README.org" "/tmp/docs/layers/+lang/restructuredtext/README.org" "/tmp/docs/layers/+spacemacs/spacemacs-language/README.org" "/tmp/docs/layers/+misc/parinfer/README.org" "/tmp/docs/layers/+lang/jsonnet/README.org" "/tmp/docs/layers/+tools/bm/README.org" "/tmp/docs/layers/+spacemacs/spacemacs-editing/README.org" "/tmp/docs/layers/+vim/evil-commentary/README.org" "/tmp/docs/layers/+lang/major-modes/README.org" "/tmp/docs/layers/+tools/fasd/README.org" "/tmp/docs/layers/+readers/epub/README.org" "/tmp/docs/layers/+fun/emoji/README.org" "/tmp/docs/layers/+lang/d/README.org" "/tmp/docs/layers/+lang/csv/README.org" "/tmp/docs/layers/+spacemacs/spacemacs-evil/README.org" "/tmp/docs/layers/+lang/groovy/README.org" "/tmp/docs/layers/+lang/windows-scripts/README.org" "/tmp/docs/layers/+tools/lsp/README.org" "/tmp/docs/layers/+lang/perl6/README.org" "/tmp/docs/layers/+lang/fsharp/README.org" "/tmp/docs/layers/+lang/octave/README.org" "/tmp/docs/layers/+lang/forth/README.org" "/tmp/docs/layers/+readers/deft/README.org" "/tmp/docs/layers/+web-services/search-engine/README.org" "/tmp/docs/layers/+tools/prodigy/README.org" "/tmp/docs/layers/+pair-programming/floobits/README.org" "/tmp/docs/layers/+vim/vinegar/README.org" "/tmp/docs/layers/+emacs/semantic/README.org" "/tmp/docs/layers/+lang/shell-scripts/README.org" "/tmp/docs/layers/+web-services/confluence/README.org" "/tmp/docs/layers/+distributions/spacemacs-docker/deps-install/README.org" "/tmp/docs/layers/+emacs/typography/README.org" "/tmp/docs/layers/+web-services/evernote/README.org" "/tmp/docs/layers/+tools/cfengine/README.org" "/tmp/docs/layers/+tools/chrome/README.org" "/tmp/docs/layers/+lang/asm/README.org" "/tmp/docs/layers/+tools/tern/README.org" "/tmp/docs/layers/+themes/colors/local/nyan-mode/README.org" "/tmp/docs/layers/+emacs/better-defaults/README.org" "/tmp/docs/layers/+lang/plantuml/README.org" "/tmp/docs/layers/+web-services/twitter/README.org" "/tmp/docs/layers/+lang/bibtex/README.org" "/tmp/docs/layers/+intl/japanese/README.org" "/tmp/docs/layers/+lang/factor/README.org" "/tmp/docs/layers/+lang/racket/README.org" "/tmp/docs/layers/+lang/purescript/README.org" "/tmp/docs/layers/+lang/scheme/README.org" "/tmp/docs/layers/+lang/csharp/README.org" "/tmp/docs/layers/+email/gnus/README.org" "/tmp/docs/layers/+os/osx/README.org" "/tmp/docs/layers/+tools/ycmd/README.org" "/tmp/docs/layers/+completion/ivy/README.org" "/tmp/docs/layers/+spacemacs/spacemacs-purpose/README.org" "/tmp/docs/layers/+vim/evil-snipe/README.org" "/tmp/docs/layers/+lang/html/README.org" "/tmp/docs/layers/+tools/transmission/README.org" "/tmp/docs/layers/+chat/erc/README.org" "/tmp/docs/layers/+readers/elfeed/README.org" "/tmp/docs/layers/+tools/ranger/README.org" "/tmp/docs/layers/+lang/common-lisp/README.org" "/tmp/docs/layers/+themes/colors/README.org" "/tmp/docs/layers/+lang/ipython-notebook/README.org" "/tmp/docs/layers/+intl/chinese/README.org" "/tmp/docs/layers/+chat/rcirc/README.org" "/tmp/docs/layers/+lang/latex/README.org" "/tmp/docs/layers/+tools/shell/README.org" "/tmp/docs/layers/+lang/markdown/README.org" "/tmp/docs/layers/+lang/c-c++/README.org" "/tmp/docs/layers/+lang/ruby/README.org" "/tmp/docs/layers/+lang/emacs-lisp/README.org" "/tmp/docs/layers/+readers/pdf/README.org" "/tmp/docs/layers/+tags/gtags/README.org" "/tmp/docs/layers/+intl/keyboard-layout/README.org" "/tmp/docs/layers/+source-control/version-control/README.org" "/tmp/docs/layers/+lang/elixir/README.org" "/tmp/docs/layers/+source-control/git/README.org" "/tmp/docs/doc/CONVENTIONS.org" "/tmp/docs/layers/+lang/python/README.org" "/tmp/docs/layers/+lang/java/README.org" "/tmp/docs/layers/+lang/haskell/README.org" "/tmp/docs/doc/LAYERS.org" "/tmp/docs/layers/+emacs/org/README.org" "/tmp/docs/doc/DOCUMENTATION.org")
Process "worker" says:
Done.
Process "worker" has finished

======================================================================
PLEASE APPLY CHANGES BELOW:
======================================================================
[1mdiff --git a/EXPERIMENTAL.org b/EXPERIMENTAL.org[m
[1mindex 82a3659..45640f1 100644[m
[1m--- a/EXPERIMENTAL.org[m
[1m+++ b/EXPERIMENTAL.org[m
[36m@@ -100,6 +100,7 @@[m [mneed to install the following packages:[m
 Install MSYS2 x86_64 from [[http://repo.msys2.org/distrib/x86_64/][here]].[m
 [m
 Run msys2_shell.bat and in the msys2 prompt run:[m
[32m+[m
 #+BEGIN_SRC shell[m
   pacman -S base-devel mingw-w64-x86_64-toolchain \[m
   mingw-w64-x86_64-xpm-nox mingw-w64-x86_64-libtiff \[m
[1mdiff --git a/doc/DOCUMENTATION.org b/doc/DOCUMENTATION.org[m
[1mindex 2434a89..6269f34 100644[m
[1m--- a/doc/DOCUMENTATION.org[m
[1m+++ b/doc/DOCUMENTATION.org[m
[36m@@ -431,6 +431,7 @@[m [mYou can install such packages by adding them to the variable[m
 =dotspacemacs-additional-packages= under the =dotspacemacs/layers= function in your dotfile.[m
 [m
 For example, to install =llvm-mode= and =dts-mode=:[m
[32m+[m
 #+BEGIN_SRC emacs-lisp[m
 (defun dotspacemacs/layers ()[m
   "Configuration Layers declaration..."[m
[1mdiff --git a/doc/FAQ.org b/doc/FAQ.org[m
[1mindex a01b835..b6397cb 100644[m
[1m--- a/doc/FAQ.org[m
[1m+++ b/doc/FAQ.org[m
[36m@@ -323,6 +323,7 @@[m [museless. The variable =spacemacs-useful-buffers-regexp= marks buffers matching[m
 the regexp as useful buffers. Both can be customized the same way.[m
 [m
 Examples:[m
[32m+[m
 #+BEGIN_SRC emacs-lisp[m
 ;; Only mark helm buffers as useless[m
 (setq spacemacs-useless-buffers-regexp '("\\*helm\.\+\\*"))[m
[36m@@ -544,6 +545,7 @@[m [marguments of the =ag= program.[m
 [m
 ** Modify spacemacs documentation look (space-doc-mode)[m
 You can modify the list of visual enhancements applied by the =space-doc-mode=:[m
[32m+[m
 #+BEGIN_SRC emacs-lisp[m
 (setq spacemacs-space-doc-modificators[m
       '(center-buffer-mode[m
[36m@@ -557,6 +559,7 @@[m [mYou can modify the list of visual enhancements applied by the =space-doc-mode=:[m
         org-kbd-face-remap[m
         resize-inline-images))[m
 #+END_SRC[m
[32m+[m
 By default only =center-buffer-mode= is disabled.[m
 Both =space-doc-mode= and =center-buffer-mode= can be customized[m
 with "Easy Customization Interface".[m
[36m@@ -566,6 +569,7 @@[m [mIn vim and evil, pasting over a text would cause it to be copied, hence making i[m
 the same text multiple times.[m
 [m
 To fix this, add the following snippet to your ~user-config~:[m
[32m+[m
 #+BEGIN_SRC emacs-lisp[m
 (defun evil-paste-after-from-0 ()[m
   (interactive)[m
[1mdiff --git a/layers/+completion/auto-completion/README.org b/layers/+completion/auto-completion/README.org[m
[1mindex d8d95bc..0e0b466 100644[m
[1m--- a/layers/+completion/auto-completion/README.org[m
[1m+++ b/layers/+completion/auto-completion/README.org[m
[36m@@ -189,6 +189,7 @@[m [mbackends to provide mode-specific completion. These modes will include[m
 completion backends specified in the `spacemacs-default-company-backends`[m
 variable. The defaults should work well, but you can configure this variable in[m
 your =.spacemacs= file with (e.g.)[m
[32m+[m
 #+BEGIN_SRC emacs-lisp[m
   (setq-default[m
    dotspacemacs-configuration-layers[m
[1mdiff --git a/layers/+distributions/spacemacs-docker/README.org b/layers/+distributions/spacemacs-docker/README.org[m
[1mindex b45ce0d..dd5be3c 100644[m
[1m--- a/layers/+distributions/spacemacs-docker/README.org[m
[1m+++ b/layers/+distributions/spacemacs-docker/README.org[m
[36m@@ -65,6 +65,7 @@[m [mthe same machine.[m
 ** MacOS[m
 Get [[https://www.xquartz.org][XQuartz]] and =open -a XQuartz= In the XQuartz preferences go to the "Security"[m
 tab and make sure you’ve got "Allow connections from network clients" ticked[m
[32m+[m
 #+BEGIN_SRC sh[m
  ip=$(ifconfig en0 | grep inet | awk '$1=="inet" {print $2}')[m
  xhost + $ip[m
[36m@@ -74,11 +75,13 @@[m [mtab and make sure you’ve got "Allow connections from network clients" ticked[m
   -v <path_to_your_workspace>:/mnt/workspace \[m
   spacemacs/emacs25:develop[m
 #+END_SRC[m
[32m+[m
 [[https://fredrikaverpil.github.io/2016/07/31/docker-for-mac-and-gui-applications][source]],[m
 [[https://github.com/chanezon/docker-tips/blob/master/x11/README.md][another method]][m
 [m
 ** Windows[m
 Get [[https://www.cygwin.com][Cygwin]] with =xinit=, =xorg-server= and optionaly [[https://github.com/rprichard/winpty][winpty]](to run Emacs container with =-t=)[m
[32m+[m
 #+BEGIN_SRC sh[m
  export DISPLAY=<your-machine-ip>:0.0[m
  startxwin -- -listen tcp &[m
[36m@@ -92,17 +95,20 @@[m [mGet [[https://www.cygwin.com][Cygwin]] with =xinit=, =xorg-server= and optionaly[m
 #+END_SRC[m
 [m
  Or with =-ti= via =winpty=[m
[32m+[m
 #+BEGIN_SRC sh[m
 winpty docker run -ti --name spacemacs \[m
  -e DISPLAY="$DISPLAY" \[m
  -v <path_to_your_workspace>:/mnt/workspace \[m
  spacemacs/emacs25:develop[m
 #+END_SRC[m
[32m+[m
 [[http://manomarks.github.io/2015/12/03/docker-gui-windows.html][source]][m
 Also You can use [[https://www.reddit.com/r/emacs/comments/7a63r4/emacs_in_win10linuxdockerxserver_combo/][@ninrod 's setup]][m
 [m
 ** GNU/Linux[m
 Make sure that =$DISPLAY= variable is set[m
[32m+[m
 #+BEGIN_SRC sh[m
  docker run -ti --name spacemacs \[m
   -e DISPLAY="unix$DISPLAY" \[m
[36m@@ -116,17 +122,22 @@[m [mMake sure that =$DISPLAY= variable is set[m
   -v <path_to_your_workspace>:/mnt/workspace \[m
   spacemacs/emacs25:develop[m
 #+END_SRC[m
[32m+[m
 =UID= and preferably =UNAME= should match the host's user id. You can set them[m
 in your Dockerfile with [[https://docs.docker.com/engine/reference/builder/#env][ENV statements]].[m
 That's it! Now you should see Emacs window.[m
 But if it doesn't work You may need to allow local connection for the user[m
[32m+[m
 #+BEGIN_SRC sh[m
  xhost +si:localuser:<UNAME>[m
 #+END_SRC[m
[32m+[m
 Or allow local connection from the container's host-name[m
[32m+[m
 #+BEGIN_SRC sh[m
  xhost +local:`docker inspect --format='{{ .Config.Hostname }}' spacemacs`[m
 #+END_SRC[m
[32m+[m
 [[http://stackoverflow.com/questions/25281992/alternatives-to-ssh-x11-forwarding-for-docker-containers][source]][m
 [m
 ** With Xpra on any of the OSes and via web-browser[m
[36m@@ -145,6 +156,7 @@[m [mhere is a short instruction:[m
 [m
 **** With Xpra desktop client[m
 Get [[https://xpra.org/][Xpra]] client for your OS. then[m
[32m+[m
 #+BEGIN_SRC sh[m
  docker run -ti --rm --name x11-bridge \[m
   -e MODE="ssh" \[m
[36m@@ -159,7 +171,9 @@[m [mGet [[https://xpra.org/][Xpra]] client for your OS. then[m
   -e TZ=<your_time_zone> \[m
   spacemacs/emacs25:develop[m
 #+END_SRC[m
[32m+[m
 Now you can connect to it with Xpra desktop client[m
[32m+[m
 #+BEGIN_SRC sh[m
  <XPRA EXECUTABLE> attach --encoding=rgb \[m
   --ssh="ssh -o StrictHostKeyChecking=no -p 22" \[m
[36m@@ -181,6 +195,7 @@[m [mNow you can connect to it with Xpra desktop client[m
   -e DISPLAY=:14 \[m
   spacemacs/emacs25:develop[m
 #+END_SRC[m
[32m+[m
 Now visit http://localhost:10000/index.html?encoding=png&password=<PASSWORD>[m
 [m
 * Some basic docker commands to get you going[m
[1mdiff --git a/layers/+distributions/spacemacs-docker/deps-install/README.org b/layers/+distributions/spacemacs-docker/deps-install/README.org[m
[1mindex 89ce485..13815bd 100644[m
[1m--- a/layers/+distributions/spacemacs-docker/deps-install/README.org[m
[1m+++ b/layers/+distributions/spacemacs-docker/deps-install/README.org[m
[36m@@ -33,6 +33,7 @@[m [monly if the variable =go-use-gometalinter= is =t=.[m
 Set  =<LAYER_NAME>-spacemacs-docker-disable-deps-install= to =t=[m
 if you want to disable dependency installation for the =<LAYER_NAME>= layer.[m
 Example:[m
[32m+[m
 #+BEGIN_SRC emacs-lisp[m
   (pandoc :variables pandoc-spacemacs-docker-disable-deps-install t)[m
 #+END_SRC[m
[1mdiff --git a/layers/+emacs/org/README.org b/layers/+emacs/org/README.org[m
[1mindex 10db349..9617820 100644[m
[1m--- a/layers/+emacs/org/README.org[m
[1m+++ b/layers/+emacs/org/README.org[m
[36m@@ -198,6 +198,7 @@[m [mor defined along side the layer itself.[m
 For example:[m
 [m
 #+Caption: Configure org-journal with the layer[m
[32m+[m
 #+BEGIN_SRC emacs-lisp[m
   (setq-default dotspacemacs-configuration-layers '([m
                                                     (org :variables[m
[1mdiff --git a/layers/+email/notmuch/README.org b/layers/+email/notmuch/README.org[m
[1mindex 852e094..2b213d1 100644[m
[1m--- a/layers/+email/notmuch/README.org[m
[1m+++ b/layers/+email/notmuch/README.org[m
[36m@@ -65,6 +65,7 @@[m [mConfigure =~/.mailrc= with the path where =msmtp= is found.[m
 [m
 For example:[m
 #+srcname: contents of ~/.mailrc[m
[32m+[m
 #+BEGIN_SRC rc[m
 set sendmail="/usr/local/bin/msmtp"[m
 #+END_SRC[m
[1mdiff --git a/layers/+frameworks/emberjs/README.org b/layers/+frameworks/emberjs/README.org[m
[1mindex dc84aa7..73f7a6c 100644[m
[1m--- a/layers/+frameworks/emberjs/README.org[m
[1m+++ b/layers/+frameworks/emberjs/README.org[m
[36m@@ -1,4 +1,5 @@[m
 #+TITLE: emberjs layer[m
[32m+[m
 #+CAPTION: logo[m
 [[file:img/ember.png]][m
 [m
[1mdiff --git a/layers/+frameworks/react/README.org b/layers/+frameworks/react/README.org[m
[1mindex 948edc5..fde7b52 100644[m
[1m--- a/layers/+frameworks/react/README.org[m
[1m+++ b/layers/+frameworks/react/README.org[m
[36m@@ -34,6 +34,7 @@[m [mReact layer uses the same backend defined in javascript layer. Options are =tern[m
 [m
 To use the on-the-fly syntax checking, install =eslint= with babel and react[m
 support:[m
[32m+[m
 #+BEGIN_SRC sh[m
   $ npm install -g eslint babel-eslint eslint-plugin-react[m
 #+END_SRC[m
[36m@@ -44,18 +45,21 @@[m [mtry out this one by Airbnb:[m
 [m
 In order to use automatic code formatting you need to install ~js-beautify~[m
 with:[m
[32m+[m
 #+BEGIN_SRC sh[m
   $ npm install -g js-beautify[m
 #+END_SRC[m
 [m
 If you install these in non-standard locations, then add the following to your[m
 =dotspacemacs/user-init= function:[m
[32m+[m
 #+BEGIN_SRC elisp[m
   (add-to-list 'exec-path "/path/to/node/bins" t)[m
 #+END_SRC[m
 [m
 Be sure to have the ~e4x~ option set to ~true~ on your ~.jsbeautifyrc~ here it[m
 is my configuration as an example:[m
[32m+[m
 #+BEGIN_SRC json[m
   {[m
     "indent_size": 2,[m
[36m@@ -103,6 +107,7 @@[m [mmay use these settings:[m
 [m
 And if you want to have 2 space indent also for element's attributes,[m
 concatenations and contiguous function calls:[m
[32m+[m
 #+begin_src emacs-lisp[m
   (with-eval-after-load 'web-mode[m
     (add-to-list 'web-mode-indentation-params '("lineup-args" . nil))[m
[1mdiff --git a/layers/+intl/chinese/README.org b/layers/+intl/chinese/README.org[m
[1mindex 89145b5..83006de 100644[m
[1m--- a/layers/+intl/chinese/README.org[m
[1m+++ b/layers/+intl/chinese/README.org[m
[36m@@ -42,6 +42,7 @@[m [mfile.[m
 *** Configure the Default Input Method(配置默认中文输入法)[m
 The default Chinese input method is =Chinese-pyim=, if you are a Wubi(五笔) user,[m
 you could set the variable =chinese-default-input-method= to =wubi=:[m
[32m+[m
 #+begin_src emacs-lisp[m
   (setq-default dotspacemacs-configuration-layers '([m
     (chinese :variables chinese-default-input-method 'wubi)))[m
[36m@@ -59,6 +60,7 @@[m [mjust press =s= to save and =R= to restart configuration.[m
   (setq-default dotspacemacs-configuration-layers '((chinese :variables[m
                                                              chinese-enable-fcitx t)))[m
 #+END_SRC[m
[32m+[m
 If you don’t need to type Chinese in minibuffer, you can temporarily disable fcitx in the minibuffer[m
 with the following configuration.[m
 [m
[36m@@ -109,6 +111,7 @@[m [mto the Latin font size. You could call =spacemacs//set-monospaced-font= with[m
 your own Chinese font name in =dotspacemacs/user-config= function.[m
 [m
 Example configuration:[m
[32m+[m
 #+BEGIN_SRC emacs-lisp[m
 ;; Note: The Hiragino Sans GB is bundled with MacOS X.[m
 ;; If you are not using MacOS X, you should change it to another Chinese font name.[m
[1mdiff --git a/layers/+intl/japanese/README.org b/layers/+intl/japanese/README.org[m
[1mindex a55faf3..945b450 100644[m
[1m--- a/layers/+intl/japanese/README.org[m
[1m+++ b/layers/+intl/japanese/README.org[m
[36m@@ -1,4 +1,5 @@[m
 #+TITLE: Japanese layer[m
[32m+[m
 [[file:img/Japanese.png]][m
 [m
 * Table of Contents                                       :TOC_4_gh:noexport:[m
[36m@@ -64,10 +65,12 @@[m [minside ~dotspacemacs/user-config~.[m
 [m
 *** helm-with-migemo[m
 If you want to use helm with migemo, you should add:[m
[32m+[m
 #+BEGIN_SRC emacs-lisp[m
   (with-eval-after-load "helm"[m
     (helm-migemo-mode 1))[m
 #+END_SRC[m
[32m+[m
 inside ~dotspacemacs/user-config~. Note that you may find in a package called[m
 ~helm-migemo.el~ in MELPA. However, this package is deprecated and not supported[m
 by helm.[m
[1mdiff --git a/layers/+intl/keyboard-layout/README.org b/layers/+intl/keyboard-layout/README.org[m
[1mindex efaa3a2..ffac0dc 100644[m
[1m--- a/layers/+intl/keyboard-layout/README.org[m
[1m+++ b/layers/+intl/keyboard-layout/README.org[m
[36m@@ -69,6 +69,7 @@[m [mconfiguration by yourself*. =<NAME>= is the name of the configuration you want[m
 to customize, they are listed under the [[#configuration][Configuration]] section.[m
 [m
 Example:[m
[32m+[m
 #+begin_src emacs-lisp[m
 (defun kl/post-config-company ()[m
   "Company delete backward."[m
[1mdiff --git a/layers/+lang/clojure/README.org b/layers/+lang/clojure/README.org[m
[1mindex 4da7934..3d68b5f 100644[m
[1m--- a/layers/+lang/clojure/README.org[m
[1m+++ b/layers/+lang/clojure/README.org[m
[36m@@ -70,6 +70,7 @@[m [mTo enable this feature, add the following snippet to the[m
 #+END_SRC[m
 [m
 Or set this variable when loading the configuration layer:[m
[32m+[m
 #+BEGIN_SRC emacs-lisp[m
   (setq-default dotspacemacs-configuration-layers[m
   '((clojure :variables clojure-enable-fancify-symbols t)))[m
[1mdiff --git a/layers/+lang/elm/README.org b/layers/+lang/elm/README.org[m
[1mindex 84664e4..1c18457 100644[m
[1m--- a/layers/+lang/elm/README.org[m
[1m+++ b/layers/+lang/elm/README.org[m
[36m@@ -66,9 +66,11 @@[m [mOfficial installers for these operating systems are available from:[m
 *** Universal installer using npm[m
 A npm based installer is available to, and provides pre-compiled binaries for[m
 certain operating system and architectures.[m
[32m+[m
 #+BEGIN_SRC sh[m
   npm install --global elm[m
 #+END_SRC[m
[32m+[m
 Also, note that you might need to set the =ELM_HOME= environment variables to[m
 the corresponding directory created by the installer.[m
 [m
[1mdiff --git a/layers/+lang/factor/README.org b/layers/+lang/factor/README.org[m
[1mindex ee44c43..cea3b10 100644[m
[1m--- a/layers/+lang/factor/README.org[m
[1m+++ b/layers/+lang/factor/README.org[m
[36m@@ -1,4 +1,5 @@[m
 #+TITLE: Factor Layer[m
[32m+[m
 [[file:img/logo.png]][m
 [m
 * Table of Contents                                       :TOC_4_gh:noexport:[m
[1mdiff --git a/layers/+lang/go/README.org b/layers/+lang/go/README.org[m
[1mindex 73aec7f..02e7ae9 100644[m
[1m--- a/layers/+lang/go/README.org[m
[1m+++ b/layers/+lang/go/README.org[m
[36m@@ -128,6 +128,7 @@[m [mclosed by pressing ~C-g~ from any other window. The variable[m
 =go-test-buffer-name= can be customized to set the output buffer name.[m
 [m
 To provide additional arguments to go test, specify =go-use-test-args=.[m
[32m+[m
 #+begin_src emacs-lisp[m
   (go :variables go-use-test-args "-race -timeout 10s"[m
 #+end_src[m
[1mdiff --git a/layers/+lang/ipython-notebook/README.org b/layers/+lang/ipython-notebook/README.org[m
[1mindex 9b902b7..f696893 100644[m
[1m--- a/layers/+lang/ipython-notebook/README.org[m
[1m+++ b/layers/+lang/ipython-notebook/README.org[m
[36m@@ -49,12 +49,14 @@[m [min this file.[m
 Install IPython Notebook > 3[m
 [m
 Note that IPython Notebook has now been renamed to [[https://jupyter.org/install][Jupyter Notebook]].[m
[32m+[m
 #+begin_src sh[m
   pip install jupyter[m
 #+end_src[m
 [m
 ** What needs to be run[m
 Have an IPython notebook running[m
[32m+[m
 #+begin_src sh[m
   jupyter notebook[m
 #+end_src[m
[1mdiff --git a/layers/+lang/java/README.org b/layers/+lang/java/README.org[m
[1mindex d258065..71f1445 100644[m
[1m--- a/layers/+lang/java/README.org[m
[1m+++ b/layers/+lang/java/README.org[m
[36m@@ -103,6 +103,7 @@[m [mBackend can be chosen on a per project basis using directory local variables[m
 If you want to use the Ensime backend, you should modify your =~/.spacemacs= to[m
 use the recommended Ensime version (Stable). Please add the following lines to[m
 =dotspacemacs/user-init=:[m
[32m+[m
 #+BEGIN_SRC emacs-lisp[m
   (add-to-list 'configuration-layer-elpa-archives '("melpa-stable" . "stable.melpa.org/packages/"))[m
   (add-to-list 'package-pinned-packages '(ensime . "melpa-stable"))[m
[36m@@ -198,9 +199,11 @@[m [mJava projects as well.[m
 [m
 *** Installation when using SBT[m
 Find it with your favourite package manager, eg:[m
[32m+[m
 #+BEGIN_SRC shell[m
   nix-env --install sbt[m
 #+END_SRC[m
[32m+[m
 or refer to [[http://www.scala-sbt.org/download.html][the sbt installation instructions]].[m
 [m
 *** Installation when using Gradle[m
[36m@@ -214,6 +217,7 @@[m [mthe development version of Ensime so follow the appropriate steps.[m
 To use the build functions under ~SPC m b~ you need to use version =0.13.5= or[m
 newer of =sbt=, and specify that in your project's =project/build.properties=.[m
 For example,[m
[32m+[m
 #+BEGIN_SRC scala[m
   sbt.version=0.13.11[m
 #+END_SRC[m
[1mdiff --git a/layers/+lang/javascript/README.org b/layers/+lang/javascript/README.org[m
[1mindex 447f981..86a7063 100644[m
[1m--- a/layers/+lang/javascript/README.org[m
[1m+++ b/layers/+lang/javascript/README.org[m
[36m@@ -40,6 +40,7 @@[m [mthis file.[m
 [m
 To activate error checking using flycheck, install one of the [[http://www.flycheck.org/en/latest/languages.html#javascript][available linters]][m
 such as =ESLint= or =JSHint=:[m
[32m+[m
 #+BEGIN_SRC sh[m
   $ npm install -g eslint[m
   # or[m
[36m@@ -47,6 +48,7 @@[m [msuch as =ESLint= or =JSHint=:[m
 #+END_SRC[m
 [m
 If you install these in non-standard locations, then add the following to your =dotspacemacs/user-init= function:[m
[32m+[m
 #+BEGIN_SRC elisp[m
   (add-to-list 'exec-path "/path/to/node/bins" t)[m
 #+END_SRC[m
[36m@@ -95,6 +97,7 @@[m [msuch:[m
 #+END_SRC[m
 [m
 or when adding the =javascript= configuration layer:[m
[32m+[m
 #+BEGIN_SRC emacs-lisp[m
   (javascript :variables js2-basic-offset 2)[m
 #+END_SRC[m
[36m@@ -107,6 +110,7 @@[m [mSimilarly, to change how js-mode indents JSON files, set the variable[m
 #+END_SRC[m
 [m
 or when adding the =javascript= configuration layer:[m
[32m+[m
 #+BEGIN_SRC emacs-lisp[m
   (javascript :variables js-indent-level 2)[m
 #+END_SRC[m
[1mdiff --git a/layers/+lang/plantuml/README.org b/layers/+lang/plantuml/README.org[m
[1mindex 839f427..446bce8 100644[m
[1m--- a/layers/+lang/plantuml/README.org[m
[1m+++ b/layers/+lang/plantuml/README.org[m
[36m@@ -1,4 +1,5 @@[m
 #+TITLE: plantuml layer[m
[32m+[m
 [[file:img/logo.png]][m
 [m
 * Table of Contents                                        :TOC_4_gh:noexport:[m
[1mdiff --git a/layers/+lang/python/README.org b/layers/+lang/python/README.org[m
[1mindex 88ab27a..972f3fe 100644[m
[1m--- a/layers/+lang/python/README.org[m
[1m+++ b/layers/+lang/python/README.org[m
[36m@@ -141,6 +141,7 @@[m [meither =nose= or =pytest=.[m
 #+END_SRC[m
 [m
 If you need both then you can set =python-test-runner= to a list like this:[m
[32m+[m
 #+BEGIN_SRC emacs-lisp[m
 (setq-default dotspacemacs-configuration-layers[m
   '((python :variables python-test-runner '(pytest nose))))[m
[1mdiff --git a/layers/+lang/scala/README.org b/layers/+lang/scala/README.org[m
[1mindex fad1f72..e47f684 100644[m
[1m--- a/layers/+lang/scala/README.org[m
[1m+++ b/layers/+lang/scala/README.org[m
[36m@@ -38,6 +38,7 @@[m [mfile.[m
 [m
 Then, you should modify your =~/.spacemacs= to use the recommended Ensime[m
 version (Stable). Please add the following lines to =dotspacemacs/user-init=:[m
[32m+[m
 #+BEGIN_SRC emacs-lisp[m
   (add-to-list 'configuration-layer-elpa-archives '("melpa-stable" . "stable.melpa.org/packages/"))[m
   (add-to-list 'package-pinned-packages '(ensime . "melpa-stable"))[m
[36m@@ -65,6 +66,7 @@[m [mTo use scalastyle, it must be present as an executable in your =PATH=.[m
 [m
 To test if =scalastyle= executable is in your path, run =scalastyle= in a new[m
 terminal, it should output something like:[m
[32m+[m
 #+BEGIN_SRC bash[m
 $ scalastyle[m
 scalastyle 0.8.0[m
[36m@@ -74,6 +76,7 @@[m [mUsage: scalastyle [options] <source directory>[m
 [m
 Finally, enable the =syntax-checking= layer and set the =flycheck-scalastylerc=[m
 variable to a valid location.[m
[32m+[m
 #+BEGIN_SRC emacs-lisp[m
   (setq-default flycheck-scalastylerc "/usr/local/etc/scalastyle_config.xml")[m
 #+END_SRC[m
[1mdiff --git a/layers/+lang/swift/README.org b/layers/+lang/swift/README.org[m
[1mindex 6fba1ab..44c6078 100644[m
[1m--- a/layers/+lang/swift/README.org[m
[1m+++ b/layers/+lang/swift/README.org[m
[36m@@ -26,6 +26,7 @@[m [mgeneral purpose scripting language.[m
 First check that you are able to run this from the command line:[m
 [m
 On OS X:[m
[32m+[m
 #+BEGIN_SRC sh[m
   xcrun swift[m
 #+END_SRC[m
[1mdiff --git a/layers/+themes/colors/local/nyan-mode/README.org b/layers/+themes/colors/local/nyan-mode/README.org[m
[1mindex bd1416f..fc89958 100644[m
[1m--- a/layers/+themes/colors/local/nyan-mode/README.org[m
[1m+++ b/layers/+themes/colors/local/nyan-mode/README.org[m
[36m@@ -39,6 +39,7 @@[m [mFor those who were asking, or are planning to, [[http://friendfeed.com/amitp/b40[m
 some tips on how to make nyan-mode work with custom modeline.[m
 [m
 He basically changed the mode-line-format to include:[m
[32m+[m
 #+begin_src emacs-lisp[m
   (:eval (list (nyan-create)))[m
 #+end_src[m
[1mdiff --git a/layers/+themes/theming/README.org b/layers/+themes/theming/README.org[m
[1mindex 82c2145..00b2a1f 100644[m
[1m--- a/layers/+themes/theming/README.org[m
[1m+++ b/layers/+themes/theming/README.org[m
[36m@@ -54,6 +54,7 @@[m [mIt should be a list of the following form:[m
                                       :style released-button)[m
                                 :background "#5a5a5a")))))[m
 #+end_src[m
[32m+[m
 Source: [[https://gist.github.com/TheBB/f25a607b9bda4d5861f2#file-init-el-L274][gist]][m
 [m
 This will apply the given attributes to the relevant faces whenever the[m
[1mdiff --git a/layers/+tools/cfengine/README.org b/layers/+tools/cfengine/README.org[m
[1mindex 121c234..e127ccc 100644[m
[1m--- a/layers/+tools/cfengine/README.org[m
[1m+++ b/layers/+tools/cfengine/README.org[m
[36m@@ -1,4 +1,5 @@[m
 #+TITLE: CFEngine layer[m
[32m+[m
 #+PROPERTY: header-args :eval never-export[m
 [m
 [[file:./img/agent.png]][m
[1mdiff --git a/layers/+tools/cmake/README.org b/layers/+tools/cmake/README.org[m
[1mindex 39b8a40..f456617 100644[m
[1m--- a/layers/+tools/cmake/README.org[m
[1m+++ b/layers/+tools/cmake/README.org[m
[36m@@ -1,4 +1,5 @@[m
 #+TITLE: CMake layer[m
[32m+[m
 [[file:img/cmake.png]][m
 [m
 * Table of Contents                                         :TOC_4_gh:noexport:[m
[1mdiff --git a/layers/+tools/ranger/README.org b/layers/+tools/ranger/README.org[m
[1mindex b0e061e..32e294c 100644[m
[1m--- a/layers/+tools/ranger/README.org[m
[1m+++ b/layers/+tools/ranger/README.org[m
[36m@@ -17,6 +17,7 @@[m [madd =ranger= to the existing =dotspacemacs-configuration-layers= list in this[m
 file.[m
 [m
 To default with preview enabled when entering ranger:[m
[32m+[m
 #+BEGIN_SRC emacs-lisp[m
 (setq-default dotspacemacs-configuration-layers[m
               '(ranger :variables[m
[36m@@ -32,63 +33,74 @@[m [msession. Any settings that are desired on startup should be set below.[m
 [m
 ** Customizing[m
 You toggle the use of =-= to enter ranger with `ranger-enter-with-minus`.[m
[32m+[m
 #+BEGIN_SRC elisp[m
 (setq ranger-enter-with-minus t)[m
 #+END_SRC[m
 [m
 When disabling the mode you can choose to kill the buffers that were opened[m
 while browsing the directories.[m
[32m+[m
 #+BEGIN_SRC elisp[m
 (setq ranger-cleanup-on-disable t)[m
 #+END_SRC[m
 [m
 Or you can choose to kill the buffer just after you move to another entry in the[m
 dired buffer.[m
[32m+[m
 #+BEGIN_SRC elisp[m
 (setq ranger-cleanup-eagerly t)[m
 #+END_SRC[m
 [m
 You can choose to show dotfiles at ranger startup, toggled by =zh=[m
[32m+[m
 #+BEGIN_SRC elisp[m
 (setq ranger-show-hidden t)[m
 #+END_SRC[m
 [m
 Define custom function used to output header of primary ranger window. Must[m
 return a string that is placed in the header-line.[m
[32m+[m
 #+BEGIN_SRC elisp[m
 (setq ranger-header-func 'ranger-header-line)[m
 #+END_SRC[m
 [m
 Define custom function used to output header of parent and preview windows. Must[m
 return a string that is placed in the header-line.[m
[32m+[m
 #+BEGIN_SRC elisp[m
 (setq ranger-parent-header-func 'ranger-parent-header-line)[m
 #+END_SRC[m
 [m
 ** Parent options[m
 You can set the number of folders to nest to the left, adjusted by =z-= and =z+=[m
[32m+[m
 #+BEGIN_SRC elisp[m
 (setq ranger-parent-depth 2)[m
 #+END_SRC[m
 [m
 You can set the size of the parent windows as a fraction of the frame size[m
[32m+[m
 #+BEGIN_SRC elisp[m
 (setq ranger-width-parents 0.12)[m
 #+END_SRC[m
 [m
 When increasing number of nested parent folders, set max width as fraction of[m
 frame size to prevent filling up entire frame with parents.[m
[32m+[m
 #+BEGIN_SRC elisp[m
 (setq ranger-max-parent-width 0.12)[m
 #+END_SRC[m
 [m
 ** Preview options[m
 You can choose to show previews literally, or through find-file, toggled by =zi=[m
[32m+[m
 #+BEGIN_SRC elisp[m
 (setq ranger-show-literal t)[m
 #+END_SRC[m
 [m
 You can set the size of the preview windows as a fraction of the frame size[m
[32m+[m
 #+BEGIN_SRC elisp[m
 (setq ranger-width-preview 0.55)[m
 #+END_SRC[m
[36m@@ -96,11 +108,13 @@[m [mYou can set the size of the preview windows as a fraction of the frame size[m
 You probably don't want to open certain files like videos when using preview. To[m
 ignore certain files when moving over them you can customize the following to[m
 your liking:[m
[32m+[m
 #+BEGIN_SRC elisp[m
 (setq ranger-ignored-extensions '("mkv" "iso" "mp4"))[m
 #+END_SRC[m
 [m
 To set the max files size (in MB), set the following parameter:[m
[32m+[m
 #+BEGIN_SRC elisp[m
 (setq ranger-max-preview-size 10)[m
 #+END_SRC[m
[1mdiff --git a/layers/+tools/restclient/README.org b/layers/+tools/restclient/README.org[m
[1mindex 9b8ef95..8f4f281 100644[m
[1m--- a/layers/+tools/restclient/README.org[m
[1m+++ b/layers/+tools/restclient/README.org[m
[36m@@ -36,9 +36,11 @@[m [mAlso there is an [[http://emacsrocks.com/e15.html][Emacs Rocks!]] episode of it.[m
 There is support for =org-babel= and =restclient= code blocks, for instance:[m
 [m
 #+BEGIN_EXAMPLE[m
[32m+[m
 #+BEGIN_SRC restclient[m
   GET http://example.com[m
 #+END_SRC[m
[32m+[m
 #+END_EXAMPLE[m
 [m
 ** Keybindings[m
[1mdiff --git a/layers/+tools/tern/README.org b/layers/+tools/tern/README.org[m
[1mindex 441964d..bc90859 100644[m
[1m--- a/layers/+tools/tern/README.org[m
[1m+++ b/layers/+tools/tern/README.org[m
[36m@@ -24,6 +24,7 @@[m [madd =tern= to the existing =dotspacemacs-configuration-layers= list in this[m
 file.[m
 [m
 You can install =tern= globally with the following command:[m
[32m+[m
 #+BEGIN_SRC sh[m
   $ npm install -g tern[m
 #+END_SRC[m
[1mdiff --git a/layers/+tools/transmission/README.org b/layers/+tools/transmission/README.org[m
[1mindex 0b2cac6..35c4947 100644[m
[1m--- a/layers/+tools/transmission/README.org[m
[1m+++ b/layers/+tools/transmission/README.org[m
[36m@@ -24,15 +24,18 @@[m [mThis layer integrates a BitTorrent client into Spacemacs.[m
 * Install[m
 To use this configuration layer, add it to your =~/.spacemacs=. You will need to[m
 install and configure =transmission-daemon=. Debian example:[m
[32m+[m
 #+BEGIN_SRC sh[m
 sudo apt-get -y install transmission-daemon[m
 sudo service transmission-daemon stop[m
 #+END_SRC[m
[32m+[m
 Set =rpc-authentication-required= to false (or 0 if it is numeric)[m
 in /etc/transmission-daemon/settings.json or[m
 configure authorization.[m
 See transmission.el [[https://github.com/holomorph/transmission][README.org]] for details.[m
 Start the daemon:[m
[32m+[m
 #+BEGIN_SRC sh[m
 sudo service transmission-daemon start[m
 #+END_SRC[m
[36m@@ -41,6 +44,7 @@[m [msudo service transmission-daemon start[m
 ** How to enable status auto refresh?[m
 Add  =(transmission :variables transmission-auto-refresh-all t)= to[m
 =dotspacemacs-configuration-layers= or pick modes manually:[m
[32m+[m
 #+BEGIN_SRC emacs-lisp[m
 (setq transmission-refresh-modes '(transmission-mode[m
                                    transmission-files-mode[m
[1mdiff --git a/layers/+tools/web-beautify/README.org b/layers/+tools/web-beautify/README.org[m
[1mindex 6daf768..0de3b85 100644[m
[1m--- a/layers/+tools/web-beautify/README.org[m
[1m+++ b/layers/+tools/web-beautify/README.org[m
[36m@@ -18,6 +18,7 @@[m [madd =web-beautify= to the existing =dotspacemacs-configuration-layers= list in[m
 this file.[m
 [m
 To install =js-beautify= globally:[m
[32m+[m
 #+BEGIN_SRC sh[m
   $ npm install -g js-beautify[m
 #+END_SRC[m
[1mdiff --git a/layers/+web-services/wakatime/README.org b/layers/+web-services/wakatime/README.org[m
[1mindex 5690eec..191baa6 100644[m
[1m--- a/layers/+web-services/wakatime/README.org[m
[1m+++ b/layers/+web-services/wakatime/README.org[m
[36m@@ -30,11 +30,13 @@[m [mYou can follow wakatime installation instructions here[m
 https://github.com/wakatime/wakatime-mode.[m
 [m
 In short it's just:[m
[32m+[m
 #+BEGIN_SRC sh[m
 pip install wakatime[m
 #+END_SRC[m
 [m
 And for some linux users[m
[32m+[m
 #+BEGIN_SRC sh[m
 sudo pip install wakatime[m
 #+END_SRC[m
[36m@@ -45,6 +47,7 @@[m [madd =wakatime= to the existing =dotspacemacs-configuration-layers= list in this[m
 file.[m
 [m
 Example:[m
[32m+[m
 #+BEGIN_SRC emacs-lisp[m
   (setq-default dotspacemacs-configuration-layers[m
                 '([m

travis_time:end:18cfb260:start=1532038586424808276,finish=1532038591896493437,duration=5471685161[0K
[31;1mThe command ".travisci/test.sh" exited with 2.[0m

Done. Your build exited with 1.
